

Microchip MPLAB XC8 Assembler V2.46 build 20240104201356 
                                                                                               Sun May 19 19:07:23 2024

Microchip MPLAB XC8 C Compiler v2.46 (Free license) build 20240104201356 Og1 
     1                           	processor	18F45K50
     2                           	fnconf	rparam,??,?,0
     3                           	pagewidth 120
     4                           	opt	flic
     5                           	psect	_firma_text,global,ovrld,reloc=2,class=CODE,delta=1,noexec
     6                           	psect	cinit,global,reloc=2,class=CODE,delta=1
     7                           	psect	bssCOMRAM,global,class=COMRAM,space=1,delta=1,lowdata,noexec
     8                           	psect	cstackCOMRAM,global,class=COMRAM,space=1,delta=1,lowdata,noexec
     9                           	psect	text0,global,reloc=2,class=CODE,delta=1
    10                           	psect	text1,global,reloc=2,class=CODE,delta=1
    11                           	psect	text2,global,reloc=2,class=CODE,delta=1
    12                           	psect	text3,global,reloc=2,class=CODE,delta=1
    13                           	psect	text4,global,reloc=2,class=CODE,delta=1
    14                           	psect	text5,global,reloc=2,class=CODE,delta=1,group=1
    15                           	psect	smallconst,global,reloc=2,class=SMALLCONST,delta=1,noexec
    16                           	psect	intsave_regs,global,class=BIGRAM,space=1,delta=1,noexec
    17                           	psect	rparam,global,class=COMRAM,space=1,delta=1,noexec
    18                           	psect	idloc,global,abs,ovrld,class=IDLOC,space=5,delta=1,noexec
    19                           	psect	config,global,abs,ovrld,class=CONFIG,space=4,delta=1,noexec
    20   000000                     
    21                           ; Generated 05/01/2024 GMT
    22                           ; 
    23                           ; Copyright © 2024, Microchip Technology Inc. and its subsidiaries ("Microchip")
    24                           ; All rights reserved.
    25                           ; 
    26                           ; This software is developed by Microchip Technology Inc. and its subsidiaries ("Microch
      +                          ip").
    27                           ; 
    28                           ; Redistribution and use in source and binary forms, with or without modification, are
    29                           ; permitted provided that the following conditions are met:
    30                           ; 
    31                           ;     1. Redistributions of source code must retain the above copyright notice, this lis
      +                          t of
    32                           ;        conditions and the following disclaimer.
    33                           ; 
    34                           ;     2. Redistributions in binary form must reproduce the above copyright notice, this 
      +                          list
    35                           ;        of conditions and the following disclaimer in the documentation and/or other
    36                           ;        materials provided with the distribution. Publication is not required when
    37                           ;        this file is used in an embedded application.
    38                           ; 
    39                           ;     3. Microchip's name may not be used to endorse or promote products derived from th
      +                          is
    40                           ;        software without specific prior written permission.
    41                           ; 
    42                           ; THIS SOFTWARE IS PROVIDED BY MICROCHIP "AS IS" AND ANY EXPRESS OR IMPLIED WARRANTIES,
    43                           ; INCLUDING, BUT NOT LIMITED TO, THE IMPLIED WARRANTIES OF MERCHANTABILITY AND FITNESS F
      +                          OR
    44                           ; PURPOSE ARE DISCLAIMED.  IN NO EVENT SHALL MICROCHIP BE LIABLE FOR ANY DIRECT, INDIREC
      +                          T,
    45                           ; INCIDENTAL, SPECIAL, EXEMPLARY, OR CONSEQUENTIAL DAMAGES (INCLUDING BUT NOT LIMITED TO
    46                           ; PROCUREMENT OF SUBSTITUTE GOODS OR SERVICES; LOSS OF USE, DATA OR PROFITS; OR BUSINESS
    47                           ; INTERRUPTION) HOWSOEVER CAUSED AND ON ANY THEORY OF LIABILITY, WHETHER IN CONTRACT, ST
      +                          RICT
    48                           ; LIABILITY, OR TORT (INCLUDING NEGLIGENCE OR OTHERWISE) ARISING IN ANY WAY OUT OF THE U
      +                          SE OF
    49                           ; THIS SOFTWARE, EVEN IF ADVISED OF THE POSSIBILITY OF SUCH DAMAGE.
    50                           ; 
    51                           ; 
    52                           ; Code-generator required, PIC18F45K50 Definitions
    53                           ; 
    54                           ; SFR Addresses
    55   000000                     _firma_absaddr	set	4102
    56   000000                     _firma_absaddr	set	4102
    57                           
    58                           	psect	_firma_text
    59   001006                     __p_firma_text:
    60                           	callstack 0
    61   001006                     _firma:
    62                           	callstack 0
    63   001006  600D               	dw	24589
    64   001008                     __end_of_firma:
    65                           	callstack 0
    66   000000                     _ANSELA	set	3931
    67   000000                     _PORTBbits	set	3969
    68   000000                     _LATAbits	set	3977
    69   000000                     _TRISA	set	3986
    70   000000                     _OSCTUNE	set	3995
    71   000000                     _OSCCON2	set	4050
    72   000000                     _OSCCON	set	4051
    73   000000                     _TRISE	set	3990
    74   000000                     _TRISD	set	3989
    75   000000                     _TRISC	set	3988
    76   000000                     _TRISB	set	3987
    77   000000                     _ANSELE	set	3935
    78   000000                     _ANSELD	set	3934
    79   000000                     _ANSELC	set	3933
    80   000000                     _ANSELB	set	3932
    81                           
    82                           ; #config settings
    83                           
    84                           	psect	cinit
    85   0013D6                     __pcinit:
    86                           	callstack 0
    87   0013D6                     start_initialization:
    88                           	callstack 0
    89   0013D6                     __initialization:
    90                           	callstack 0
    91                           
    92                           ; Clear objects allocated to COMRAM (8 bytes)
    93   0013D6  EE00  F00A         	lfsr	0,__pbssCOMRAM
    94   0013DA  0E08               	movlw	8
    95   0013DC                     clear_0:
    96   0013DC  6AEE               	clrf	postinc0,c
    97   0013DE  06E8               	decf	wreg,f,c
    98   0013E0  E1FD               	bnz	clear_0
    99   0013E2                     end_of_initialization:
   100                           	callstack 0
   101   0013E2                     __end_of__initialization:
   102                           	callstack 0
   103   0013E2  0E00               	movlw	low (__Lmediumconst shr (0+16))
   104   0013E4  6EF8               	movwf	tblptru,c
   105   0013E6  0100               	movlb	0
   106   0013E8  EFB6  F008         	goto	_main	;jump to C main() function
   107                           
   108                           	psect	bssCOMRAM
   109   00000A                     __pbssCOMRAM:
   110                           	callstack 0
   111   00000A                     intermitencia@cont_led4:
   112                           	callstack 0
   113   00000A                     	ds	2
   114   00000C                     intermitencia@cont_led3:
   115                           	callstack 0
   116   00000C                     	ds	2
   117   00000E                     intermitencia@cont_led2:
   118                           	callstack 0
   119   00000E                     	ds	2
   120   000010                     intermitencia@cont_led1:
   121                           	callstack 0
   122   000010                     	ds	2
   123                           
   124                           	psect	cstackCOMRAM
   125   000001                     __pcstackCOMRAM:
   126                           	callstack 0
   127   000001                     ?___awmod:
   128                           	callstack 0
   129   000001                     set_led@led:
   130                           	callstack 0
   131   000001                     ___awmod@dividend:
   132                           	callstack 0
   133                           
   134                           ; 2 bytes @ 0x0
   135   000001                     	ds	2
   136   000003                     set_led@state:
   137                           	callstack 0
   138   000003                     ___awmod@divisor:
   139                           	callstack 0
   140                           
   141                           ; 2 bytes @ 0x2
   142   000003                     	ds	1
   143   000004                     ??_set_led:
   144                           
   145                           ; 1 bytes @ 0x3
   146   000004                     	ds	1
   147   000005                     ___awmod@counter:
   148                           	callstack 0
   149                           
   150                           ; 1 bytes @ 0x4
   151   000005                     	ds	1
   152   000006                     ??_intermitencia:
   153   000006                     ___awmod@sign:
   154                           	callstack 0
   155                           
   156                           ; 1 bytes @ 0x5
   157   000006                     	ds	1
   158   000007                     ??_main:
   159                           
   160                           ; 1 bytes @ 0x6
   161   000007                     	ds	2
   162   000009                     main@state:
   163                           	callstack 0
   164                           
   165                           ; 1 bytes @ 0x8
   166   000009                     	ds	1
   167                           
   168 ;;
   169 ;;Main: autosize = 0, tempsize = 2, incstack = 0, save=0
   170 ;;
   171 ;; *************** function _main *****************
   172 ;; Defined at:
   173 ;;		line 76 in file "main.c"
   174 ;; Parameters:    Size  Location     Type
   175 ;;		None
   176 ;; Auto vars:     Size  Location     Type
   177 ;;  state           1    8[COMRAM] volatile unsigned char 
   178 ;; Return value:  Size  Location     Type
   179 ;;                  2   45[None  ] int 
   180 ;; Registers used:
   181 ;;		wreg, status,2, status,0, cstack
   182 ;; Tracked objects:
   183 ;;		On entry : 0/0
   184 ;;		On exit  : 0/0
   185 ;;		Unchanged: 0/0
   186 ;; Data sizes:     COMRAM   BANK0   BANK1   BANK2   BANK3   BANK4   BANK5   BANK6   BANK7
   187 ;;      Params:         0       0       0       0       0       0       0       0       0
   188 ;;      Locals:         1       0       0       0       0       0       0       0       0
   189 ;;      Temps:          2       0       0       0       0       0       0       0       0
   190 ;;      Totals:         3       0       0       0       0       0       0       0       0
   191 ;;Total ram usage:        3 bytes
   192 ;; Hardware stack levels required when called: 2
   193 ;; This function calls:
   194 ;;		___awmod
   195 ;;		_config
   196 ;;		_init_leds
   197 ;;		_intermitencia
   198 ;;		_set_led
   199 ;; This function is called by:
   200 ;;		Startup code after reset
   201 ;; This function uses a non-reentrant model
   202 ;;
   203                           
   204                           	psect	text0
   205   00116C                     __ptext0:
   206                           	callstack 0
   207   00116C                     _main:
   208                           	callstack 29
   209   00116C                     
   210                           ;main.c: 77:     config();
   211   00116C  ECCF  F009         	call	_config	;wreg free
   212   001170                     
   213                           ;main.c: 78:     volatile char state = 0;
   214   001170  0E00               	movlw	0
   215   001172  6E09               	movwf	main@state^0,c	;volatile
   216                           
   217                           ;main.c: 80:     init_leds();
   218   001174  ECF6  F009         	call	_init_leds	;wreg free
   219   001178  EF06  F009         	goto	l1006
   220   00117C                     l998:
   221                           
   222                           ;main.c: 85:                 intermitencia();
   223   00117C  EC05  F008         	call	_intermitencia	;wreg free
   224                           
   225                           ;main.c: 86:                 break;
   226   001180  EF15  F009         	goto	l49
   227   001184                     l1000:
   228                           
   229                           ;main.c: 88:                 set_led(0, 1);
   230   001184  0E00               	movlw	0
   231   001186  6E02               	movwf	(set_led@led+1)^0,c
   232   001188  0E00               	movlw	0
   233   00118A  6E01               	movwf	set_led@led^0,c
   234   00118C  0E01               	movlw	1
   235   00118E  6E03               	movwf	set_led@state^0,c
   236   001190  EC92  F009         	call	_set_led	;wreg free
   237                           
   238                           ;main.c: 89:                 set_led(1, 1);
   239   001194  0E00               	movlw	0
   240   001196  6E02               	movwf	(set_led@led+1)^0,c
   241   001198  0E01               	movlw	1
   242   00119A  6E01               	movwf	set_led@led^0,c
   243   00119C  0E01               	movlw	1
   244   00119E  6E03               	movwf	set_led@state^0,c
   245   0011A0  EC92  F009         	call	_set_led	;wreg free
   246                           
   247                           ;main.c: 90:                 set_led(2, 1);
   248   0011A4  0E00               	movlw	0
   249   0011A6  6E02               	movwf	(set_led@led+1)^0,c
   250   0011A8  0E02               	movlw	2
   251   0011AA  6E01               	movwf	set_led@led^0,c
   252   0011AC  0E01               	movlw	1
   253   0011AE  6E03               	movwf	set_led@state^0,c
   254   0011B0  EC92  F009         	call	_set_led	;wreg free
   255                           
   256                           ;main.c: 91:                 set_led(3, 1);
   257   0011B4  0E00               	movlw	0
   258   0011B6  6E02               	movwf	(set_led@led+1)^0,c
   259   0011B8  0E03               	movlw	3
   260   0011BA  6E01               	movwf	set_led@led^0,c
   261   0011BC  0E01               	movlw	1
   262   0011BE  6E03               	movwf	set_led@state^0,c
   263   0011C0  EC92  F009         	call	_set_led	;wreg free
   264                           
   265                           ;main.c: 92:                 break;
   266   0011C4  EF15  F009         	goto	l49
   267   0011C8                     l1002:
   268                           
   269                           ;main.c: 94:                 set_led(0, 0);
   270   0011C8  0E00               	movlw	0
   271   0011CA  6E02               	movwf	(set_led@led+1)^0,c
   272   0011CC  0E00               	movlw	0
   273   0011CE  6E01               	movwf	set_led@led^0,c
   274   0011D0  0E00               	movlw	0
   275   0011D2  6E03               	movwf	set_led@state^0,c
   276   0011D4  EC92  F009         	call	_set_led	;wreg free
   277                           
   278                           ;main.c: 95:                 set_led(1, 0);
   279   0011D8  0E00               	movlw	0
   280   0011DA  6E02               	movwf	(set_led@led+1)^0,c
   281   0011DC  0E01               	movlw	1
   282   0011DE  6E01               	movwf	set_led@led^0,c
   283   0011E0  0E00               	movlw	0
   284   0011E2  6E03               	movwf	set_led@state^0,c
   285   0011E4  EC92  F009         	call	_set_led	;wreg free
   286                           
   287                           ;main.c: 96:                 set_led(2, 0);
   288   0011E8  0E00               	movlw	0
   289   0011EA  6E02               	movwf	(set_led@led+1)^0,c
   290   0011EC  0E02               	movlw	2
   291   0011EE  6E01               	movwf	set_led@led^0,c
   292   0011F0  0E00               	movlw	0
   293   0011F2  6E03               	movwf	set_led@state^0,c
   294   0011F4  EC92  F009         	call	_set_led	;wreg free
   295                           
   296                           ;main.c: 97:                 set_led(3, 0);
   297   0011F8  0E00               	movlw	0
   298   0011FA  6E02               	movwf	(set_led@led+1)^0,c
   299   0011FC  0E03               	movlw	3
   300   0011FE  6E01               	movwf	set_led@led^0,c
   301   001200  0E00               	movlw	0
   302   001202  6E03               	movwf	set_led@state^0,c
   303   001204  EC92  F009         	call	_set_led	;wreg free
   304                           
   305                           ;main.c: 98:                 break;
   306   001208  EF15  F009         	goto	l49
   307   00120C                     l1006:
   308   00120C  5009               	movf	main@state^0,w,c	;volatile
   309                           
   310                           ; Switch size 1, requested type "simple"
   311                           ; Number of cases is 3, Range of values is 0 to 2
   312                           ; switch strategies available:
   313                           ; Name         Instructions Cycles
   314                           ; simple_byte           10     6 (average)
   315                           ;	Chosen strategy is simple_byte
   316   00120E  0A00               	xorlw	0	; case 0
   317   001210  B4D8               	btfsc	status,2,c
   318   001212  EFBE  F008         	goto	l998
   319   001216  0A01               	xorlw	1	; case 1
   320   001218  B4D8               	btfsc	status,2,c
   321   00121A  EFC2  F008         	goto	l1000
   322   00121E  0A03               	xorlw	3	; case 2
   323   001220  B4D8               	btfsc	status,2,c
   324   001222  EFE4  F008         	goto	l1002
   325   001226  EF15  F009         	goto	l49
   326   00122A                     l49:
   327                           
   328                           ;main.c: 101:         if (PORTBbits.RB0 == 0) {
   329   00122A  B081               	btfsc	129,0,c	;volatile
   330   00122C  EF1A  F009         	goto	u381
   331   001230  EF1C  F009         	goto	u380
   332   001234                     u381:
   333   001234  EF06  F009         	goto	l1006
   334   001238                     u380:
   335   001238                     
   336                           ;main.c: 102:             state = (state + 1) % 3;
   337   001238  0E01               	movlw	1
   338   00123A  2409               	addwf	main@state^0,w,c	;volatile
   339   00123C  6E01               	movwf	___awmod@dividend^0,c
   340   00123E  6A02               	clrf	(___awmod@dividend+1)^0,c
   341   001240  0E00               	movlw	0
   342   001242  2202               	addwfc	(___awmod@dividend+1)^0,f,c
   343   001244  0E00               	movlw	0
   344   001246  6E04               	movwf	(___awmod@divisor+1)^0,c
   345   001248  0E03               	movlw	3
   346   00124A  6E03               	movwf	___awmod@divisor^0,c
   347   00124C  EC3A  F009         	call	___awmod	;wreg free
   348   001250  5001               	movf	?___awmod^0,w,c
   349   001252  6E09               	movwf	main@state^0,c	;volatile
   350   001254                     
   351                           ;main.c: 103:             _delay((unsigned long)((500)*(48000000/4000.0)));
   352   001254  0E1F               	movlw	31
   353   001256  6E08               	movwf	(??_main+1)^0,c
   354   001258  0E71               	movlw	113
   355   00125A  6E07               	movwf	??_main^0,c
   356   00125C  0E1E               	movlw	30
   357   00125E                     u397:
   358   00125E  2EE8               	decfsz	wreg,f,c
   359   001260  D7FE               	bra	u397
   360   001262  2E07               	decfsz	??_main^0,f,c
   361   001264  D7FC               	bra	u397
   362   001266  2E08               	decfsz	(??_main+1)^0,f,c
   363   001268  D7FA               	bra	u397
   364   00126A  D000               	nop2	
   365   00126C  EF06  F009         	goto	l1006
   366   001270  EF00  F008         	goto	start
   367   001274                     __end_of_main:
   368                           	callstack 0
   369                           
   370 ;; *************** function _intermitencia *****************
   371 ;; Defined at:
   372 ;;		line 34 in file "main.c"
   373 ;; Parameters:    Size  Location     Type
   374 ;;		None
   375 ;; Auto vars:     Size  Location     Type
   376 ;;		None
   377 ;; Return value:  Size  Location     Type
   378 ;;                  1    wreg      void 
   379 ;; Registers used:
   380 ;;		wreg, status,2, status,0, cstack
   381 ;; Tracked objects:
   382 ;;		On entry : 0/0
   383 ;;		On exit  : 0/0
   384 ;;		Unchanged: 0/0
   385 ;; Data sizes:     COMRAM   BANK0   BANK1   BANK2   BANK3   BANK4   BANK5   BANK6   BANK7
   386 ;;      Params:         0       0       0       0       0       0       0       0       0
   387 ;;      Locals:         0       0       0       0       0       0       0       0       0
   388 ;;      Temps:          1       0       0       0       0       0       0       0       0
   389 ;;      Totals:         1       0       0       0       0       0       0       0       0
   390 ;;Total ram usage:        1 bytes
   391 ;; Hardware stack levels used: 1
   392 ;; Hardware stack levels required when called: 1
   393 ;; This function calls:
   394 ;;		_set_led
   395 ;; This function is called by:
   396 ;;		_main
   397 ;; This function uses a non-reentrant model
   398 ;;
   399                           
   400                           	psect	text1
   401   00100A                     __ptext1:
   402                           	callstack 0
   403   00100A                     _intermitencia:
   404                           	callstack 29
   405   00100A                     
   406                           ;main.c: 35:     static int cont_led1 = 0, cont_led2 = 0, cont_led3 = 0, cont_led4 = 0;;
      +                          main.c: 37:     if (cont_led1 == 50) {
   407   00100A  0E32               	movlw	50
   408   00100C  1810               	xorwf	intermitencia@cont_led1^0,w,c
   409   00100E  1011               	iorwf	(intermitencia@cont_led1+1)^0,w,c
   410   001010  A4D8               	btfss	status,2,c
   411   001012  EF0D  F008         	goto	u241
   412   001016  EF0F  F008         	goto	u240
   413   00101A                     u241:
   414   00101A  EF17  F008         	goto	l912
   415   00101E                     u240:
   416   00101E                     
   417                           ;main.c: 38:         set_led(0, 1);
   418   00101E  0E00               	movlw	0
   419   001020  6E02               	movwf	(set_led@led+1)^0,c
   420   001022  0E00               	movlw	0
   421   001024  6E01               	movwf	set_led@led^0,c
   422   001026  0E01               	movlw	1
   423   001028  6E03               	movwf	set_led@state^0,c
   424   00102A  EC92  F009         	call	_set_led	;wreg free
   425   00102E                     l912:
   426                           
   427                           ;main.c: 40:     if (cont_led1 == 100) {
   428   00102E  0E64               	movlw	100
   429   001030  1810               	xorwf	intermitencia@cont_led1^0,w,c
   430   001032  1011               	iorwf	(intermitencia@cont_led1+1)^0,w,c
   431   001034  A4D8               	btfss	status,2,c
   432   001036  EF1F  F008         	goto	u251
   433   00103A  EF21  F008         	goto	u250
   434   00103E                     u251:
   435   00103E  EF2D  F008         	goto	l918
   436   001042                     u250:
   437   001042                     
   438                           ;main.c: 41:         set_led(0, 0);
   439   001042  0E00               	movlw	0
   440   001044  6E02               	movwf	(set_led@led+1)^0,c
   441   001046  0E00               	movlw	0
   442   001048  6E01               	movwf	set_led@led^0,c
   443   00104A  0E00               	movlw	0
   444   00104C  6E03               	movwf	set_led@state^0,c
   445   00104E  EC92  F009         	call	_set_led	;wreg free
   446   001052                     
   447                           ;main.c: 42:         cont_led1 = 0;
   448   001052  0E00               	movlw	0
   449   001054  6E11               	movwf	(intermitencia@cont_led1+1)^0,c
   450   001056  0E00               	movlw	0
   451   001058  6E10               	movwf	intermitencia@cont_led1^0,c
   452   00105A                     l918:
   453                           
   454                           ;main.c: 45:     if (cont_led2 == 50) {
   455   00105A  0E32               	movlw	50
   456   00105C  180E               	xorwf	intermitencia@cont_led2^0,w,c
   457   00105E  100F               	iorwf	(intermitencia@cont_led2+1)^0,w,c
   458   001060  A4D8               	btfss	status,2,c
   459   001062  EF35  F008         	goto	u261
   460   001066  EF37  F008         	goto	u260
   461   00106A                     u261:
   462   00106A  EF3F  F008         	goto	l922
   463   00106E                     u260:
   464   00106E                     
   465                           ;main.c: 46:         set_led(1, 1);
   466   00106E  0E00               	movlw	0
   467   001070  6E02               	movwf	(set_led@led+1)^0,c
   468   001072  0E01               	movlw	1
   469   001074  6E01               	movwf	set_led@led^0,c
   470   001076  0E01               	movlw	1
   471   001078  6E03               	movwf	set_led@state^0,c
   472   00107A  EC92  F009         	call	_set_led	;wreg free
   473   00107E                     l922:
   474                           
   475                           ;main.c: 48:     if (cont_led2 == 75) {
   476   00107E  0E4B               	movlw	75
   477   001080  180E               	xorwf	intermitencia@cont_led2^0,w,c
   478   001082  100F               	iorwf	(intermitencia@cont_led2+1)^0,w,c
   479   001084  A4D8               	btfss	status,2,c
   480   001086  EF47  F008         	goto	u271
   481   00108A  EF49  F008         	goto	u270
   482   00108E                     u271:
   483   00108E  EF55  F008         	goto	l928
   484   001092                     u270:
   485   001092                     
   486                           ;main.c: 49:         set_led(1, 0);
   487   001092  0E00               	movlw	0
   488   001094  6E02               	movwf	(set_led@led+1)^0,c
   489   001096  0E01               	movlw	1
   490   001098  6E01               	movwf	set_led@led^0,c
   491   00109A  0E00               	movlw	0
   492   00109C  6E03               	movwf	set_led@state^0,c
   493   00109E  EC92  F009         	call	_set_led	;wreg free
   494   0010A2                     
   495                           ;main.c: 50:         cont_led2 = 0;
   496   0010A2  0E00               	movlw	0
   497   0010A4  6E0F               	movwf	(intermitencia@cont_led2+1)^0,c
   498   0010A6  0E00               	movlw	0
   499   0010A8  6E0E               	movwf	intermitencia@cont_led2^0,c
   500   0010AA                     l928:
   501                           
   502                           ;main.c: 53:     if (cont_led3 == 15) {
   503   0010AA  0E0F               	movlw	15
   504   0010AC  180C               	xorwf	intermitencia@cont_led3^0,w,c
   505   0010AE  100D               	iorwf	(intermitencia@cont_led3+1)^0,w,c
   506   0010B0  A4D8               	btfss	status,2,c
   507   0010B2  EF5D  F008         	goto	u281
   508   0010B6  EF5F  F008         	goto	u280
   509   0010BA                     u281:
   510   0010BA  EF67  F008         	goto	l932
   511   0010BE                     u280:
   512   0010BE                     
   513                           ;main.c: 54:         set_led(2, 1);
   514   0010BE  0E00               	movlw	0
   515   0010C0  6E02               	movwf	(set_led@led+1)^0,c
   516   0010C2  0E02               	movlw	2
   517   0010C4  6E01               	movwf	set_led@led^0,c
   518   0010C6  0E01               	movlw	1
   519   0010C8  6E03               	movwf	set_led@state^0,c
   520   0010CA  EC92  F009         	call	_set_led	;wreg free
   521   0010CE                     l932:
   522                           
   523                           ;main.c: 56:     if (cont_led3 == 65) {
   524   0010CE  0E41               	movlw	65
   525   0010D0  180C               	xorwf	intermitencia@cont_led3^0,w,c
   526   0010D2  100D               	iorwf	(intermitencia@cont_led3+1)^0,w,c
   527   0010D4  A4D8               	btfss	status,2,c
   528   0010D6  EF6F  F008         	goto	u291
   529   0010DA  EF71  F008         	goto	u290
   530   0010DE                     u291:
   531   0010DE  EF7D  F008         	goto	l938
   532   0010E2                     u290:
   533   0010E2                     
   534                           ;main.c: 57:         set_led(2, 0);
   535   0010E2  0E00               	movlw	0
   536   0010E4  6E02               	movwf	(set_led@led+1)^0,c
   537   0010E6  0E02               	movlw	2
   538   0010E8  6E01               	movwf	set_led@led^0,c
   539   0010EA  0E00               	movlw	0
   540   0010EC  6E03               	movwf	set_led@state^0,c
   541   0010EE  EC92  F009         	call	_set_led	;wreg free
   542   0010F2                     
   543                           ;main.c: 58:         cont_led3 = 0;
   544   0010F2  0E00               	movlw	0
   545   0010F4  6E0D               	movwf	(intermitencia@cont_led3+1)^0,c
   546   0010F6  0E00               	movlw	0
   547   0010F8  6E0C               	movwf	intermitencia@cont_led3^0,c
   548   0010FA                     l938:
   549                           
   550                           ;main.c: 61:     if (cont_led4 == 50) {
   551   0010FA  0E32               	movlw	50
   552   0010FC  180A               	xorwf	intermitencia@cont_led4^0,w,c
   553   0010FE  100B               	iorwf	(intermitencia@cont_led4+1)^0,w,c
   554   001100  A4D8               	btfss	status,2,c
   555   001102  EF85  F008         	goto	u301
   556   001106  EF87  F008         	goto	u300
   557   00110A                     u301:
   558   00110A  EF8F  F008         	goto	l942
   559   00110E                     u300:
   560   00110E                     
   561                           ;main.c: 62:         set_led(3, 1);
   562   00110E  0E00               	movlw	0
   563   001110  6E02               	movwf	(set_led@led+1)^0,c
   564   001112  0E03               	movlw	3
   565   001114  6E01               	movwf	set_led@led^0,c
   566   001116  0E01               	movlw	1
   567   001118  6E03               	movwf	set_led@state^0,c
   568   00111A  EC92  F009         	call	_set_led	;wreg free
   569   00111E                     l942:
   570                           
   571                           ;main.c: 64:     if (cont_led4 == 150) {
   572   00111E  0E96               	movlw	150
   573   001120  180A               	xorwf	intermitencia@cont_led4^0,w,c
   574   001122  100B               	iorwf	(intermitencia@cont_led4+1)^0,w,c
   575   001124  A4D8               	btfss	status,2,c
   576   001126  EF97  F008         	goto	u311
   577   00112A  EF99  F008         	goto	u310
   578   00112E                     u311:
   579   00112E  EFA5  F008         	goto	l948
   580   001132                     u310:
   581   001132                     
   582                           ;main.c: 65:         set_led(3, 0);
   583   001132  0E00               	movlw	0
   584   001134  6E02               	movwf	(set_led@led+1)^0,c
   585   001136  0E03               	movlw	3
   586   001138  6E01               	movwf	set_led@led^0,c
   587   00113A  0E00               	movlw	0
   588   00113C  6E03               	movwf	set_led@state^0,c
   589   00113E  EC92  F009         	call	_set_led	;wreg free
   590   001142                     
   591                           ;main.c: 66:         cont_led4 = 0;
   592   001142  0E00               	movlw	0
   593   001144  6E0B               	movwf	(intermitencia@cont_led4+1)^0,c
   594   001146  0E00               	movlw	0
   595   001148  6E0A               	movwf	intermitencia@cont_led4^0,c
   596   00114A                     l948:
   597                           
   598                           ;main.c: 69:     cont_led1++;
   599   00114A  4A10               	infsnz	intermitencia@cont_led1^0,f,c
   600   00114C  2A11               	incf	(intermitencia@cont_led1+1)^0,f,c
   601   00114E                     
   602                           ;main.c: 70:     cont_led2++;
   603   00114E  4A0E               	infsnz	intermitencia@cont_led2^0,f,c
   604   001150  2A0F               	incf	(intermitencia@cont_led2+1)^0,f,c
   605   001152                     
   606                           ;main.c: 71:     cont_led3++;
   607   001152  4A0C               	infsnz	intermitencia@cont_led3^0,f,c
   608   001154  2A0D               	incf	(intermitencia@cont_led3+1)^0,f,c
   609   001156                     
   610                           ;main.c: 72:     cont_led4++;
   611   001156  4A0A               	infsnz	intermitencia@cont_led4^0,f,c
   612   001158  2A0B               	incf	(intermitencia@cont_led4+1)^0,f,c
   613   00115A                     
   614                           ;main.c: 73:     _delay((unsigned long)((10)*(48000000/4000.0)));
   615   00115A  0E9C               	movlw	156
   616   00115C  6E06               	movwf	??_intermitencia^0,c
   617   00115E  0ED7               	movlw	215
   618   001160                     u407:
   619   001160  2EE8               	decfsz	wreg,f,c
   620   001162  D7FE               	bra	u407
   621   001164  2E06               	decfsz	??_intermitencia^0,f,c
   622   001166  D7FC               	bra	u407
   623   001168  0000               	nop	
   624   00116A  0012               	return		;funcret
   625   00116C                     __end_of_intermitencia:
   626                           	callstack 0
   627                           
   628 ;; *************** function _set_led *****************
   629 ;; Defined at:
   630 ;;		line 17 in file "main.c"
   631 ;; Parameters:    Size  Location     Type
   632 ;;  led             2    0[COMRAM] int 
   633 ;;  state           1    2[COMRAM] unsigned char 
   634 ;; Auto vars:     Size  Location     Type
   635 ;;		None
   636 ;; Return value:  Size  Location     Type
   637 ;;                  1    wreg      void 
   638 ;; Registers used:
   639 ;;		wreg, status,2, status,0
   640 ;; Tracked objects:
   641 ;;		On entry : 0/0
   642 ;;		On exit  : 0/0
   643 ;;		Unchanged: 0/0
   644 ;; Data sizes:     COMRAM   BANK0   BANK1   BANK2   BANK3   BANK4   BANK5   BANK6   BANK7
   645 ;;      Params:         3       0       0       0       0       0       0       0       0
   646 ;;      Locals:         0       0       0       0       0       0       0       0       0
   647 ;;      Temps:          2       0       0       0       0       0       0       0       0
   648 ;;      Totals:         5       0       0       0       0       0       0       0       0
   649 ;;Total ram usage:        5 bytes
   650 ;; Hardware stack levels used: 1
   651 ;; This function calls:
   652 ;;		Nothing
   653 ;; This function is called by:
   654 ;;		_intermitencia
   655 ;;		_main
   656 ;; This function uses a non-reentrant model
   657 ;;
   658                           
   659                           	psect	text2
   660   001324                     __ptext2:
   661                           	callstack 0
   662   001324                     _set_led:
   663                           	callstack 30
   664   001324                     
   665                           ;main.c: 18:     switch (led) {
   666   001324  EFB0  F009         	goto	l902
   667   001328                     l17:
   668                           
   669                           ;main.c: 20:             LATAbits.LATA0 = state;
   670   001328  B003               	btfsc	set_led@state^0,0,c
   671   00132A  D002               	bra	u205
   672   00132C  9089               	bcf	137,0,c	;volatile
   673   00132E  D001               	bra	u206
   674   001330                     u205:
   675   001330  8089               	bsf	137,0,c	;volatile
   676   001332                     u206:
   677                           
   678                           ;main.c: 21:             break;
   679   001332  EFCE  F009         	goto	l22
   680   001336                     l19:
   681                           
   682                           ;main.c: 23:             LATAbits.LATA1 = state;
   683   001336  B003               	btfsc	set_led@state^0,0,c
   684   001338  D002               	bra	u215
   685   00133A  9289               	bcf	137,1,c	;volatile
   686   00133C  D001               	bra	u216
   687   00133E                     u215:
   688   00133E  8289               	bsf	137,1,c	;volatile
   689   001340                     u216:
   690                           
   691                           ;main.c: 24:             break;
   692   001340  EFCE  F009         	goto	l22
   693   001344                     l20:
   694                           
   695                           ;main.c: 26:             LATAbits.LATA2 = state;
   696   001344  B003               	btfsc	set_led@state^0,0,c
   697   001346  D002               	bra	u225
   698   001348  9489               	bcf	137,2,c	;volatile
   699   00134A  D001               	bra	u226
   700   00134C                     u225:
   701   00134C  8489               	bsf	137,2,c	;volatile
   702   00134E                     u226:
   703                           
   704                           ;main.c: 27:             break;
   705   00134E  EFCE  F009         	goto	l22
   706   001352                     l21:
   707                           
   708                           ;main.c: 29:             LATAbits.LATA3 = state;
   709   001352  B003               	btfsc	set_led@state^0,0,c
   710   001354  D002               	bra	u235
   711   001356  9689               	bcf	137,3,c	;volatile
   712   001358  D001               	bra	u236
   713   00135A                     u235:
   714   00135A  8689               	bsf	137,3,c	;volatile
   715   00135C                     u236:
   716                           
   717                           ;main.c: 30:             break;
   718   00135C  EFCE  F009         	goto	l22
   719   001360                     l902:
   720   001360  C001  F004         	movff	set_led@led,??_set_led
   721   001364  C002  F005         	movff	set_led@led+1,??_set_led+1
   722                           
   723                           ; Switch on 2 bytes has been partitioned into a top level switch of size 1, and 1 sub-sw
      +                          itches
   724                           ; Switch size 1, requested type "simple"
   725                           ; Number of cases is 1, Range of values is 0 to 0
   726                           ; switch strategies available:
   727                           ; Name         Instructions Cycles
   728                           ; simple_byte            4     3 (average)
   729                           ;	Chosen strategy is simple_byte
   730   001368  5005               	movf	(??_set_led+1)^0,w,c
   731   00136A  0A00               	xorlw	0	; case 0
   732   00136C  B4D8               	btfsc	status,2,c
   733   00136E  EFBB  F009         	goto	l1032
   734   001372  EFCE  F009         	goto	l22
   735   001376                     l1032:
   736                           
   737                           ; Switch size 1, requested type "simple"
   738                           ; Number of cases is 4, Range of values is 0 to 3
   739                           ; switch strategies available:
   740                           ; Name         Instructions Cycles
   741                           ; simple_byte           13     7 (average)
   742                           ;	Chosen strategy is simple_byte
   743   001376  5004               	movf	??_set_led^0,w,c
   744   001378  0A00               	xorlw	0	; case 0
   745   00137A  B4D8               	btfsc	status,2,c
   746   00137C  EF94  F009         	goto	l17
   747   001380  0A01               	xorlw	1	; case 1
   748   001382  B4D8               	btfsc	status,2,c
   749   001384  EF9B  F009         	goto	l19
   750   001388  0A03               	xorlw	3	; case 2
   751   00138A  B4D8               	btfsc	status,2,c
   752   00138C  EFA2  F009         	goto	l20
   753   001390  0A01               	xorlw	1	; case 3
   754   001392  B4D8               	btfsc	status,2,c
   755   001394  EFA9  F009         	goto	l21
   756   001398  EFCE  F009         	goto	l22
   757   00139C                     l22:
   758   00139C  0012               	return		;funcret
   759   00139E                     __end_of_set_led:
   760                           	callstack 0
   761                           
   762 ;; *************** function _init_leds *****************
   763 ;; Defined at:
   764 ;;		line 10 in file "main.c"
   765 ;; Parameters:    Size  Location     Type
   766 ;;		None
   767 ;; Auto vars:     Size  Location     Type
   768 ;;		None
   769 ;; Return value:  Size  Location     Type
   770 ;;                  1    wreg      void 
   771 ;; Registers used:
   772 ;;		None
   773 ;; Tracked objects:
   774 ;;		On entry : 0/0
   775 ;;		On exit  : 0/0
   776 ;;		Unchanged: 0/0
   777 ;; Data sizes:     COMRAM   BANK0   BANK1   BANK2   BANK3   BANK4   BANK5   BANK6   BANK7
   778 ;;      Params:         0       0       0       0       0       0       0       0       0
   779 ;;      Locals:         0       0       0       0       0       0       0       0       0
   780 ;;      Temps:          0       0       0       0       0       0       0       0       0
   781 ;;      Totals:         0       0       0       0       0       0       0       0       0
   782 ;;Total ram usage:        0 bytes
   783 ;; Hardware stack levels used: 1
   784 ;; This function calls:
   785 ;;		Nothing
   786 ;; This function is called by:
   787 ;;		_main
   788 ;; This function uses a non-reentrant model
   789 ;;
   790                           
   791                           	psect	text3
   792   0013EC                     __ptext3:
   793                           	callstack 0
   794   0013EC                     _init_leds:
   795                           	callstack 30
   796   0013EC                     
   797                           ;main.c: 11:     LATAbits.LATA0 = 0;
   798   0013EC  9089               	bcf	137,0,c	;volatile
   799                           
   800                           ;main.c: 12:     LATAbits.LATA1 = 0;
   801   0013EE  9289               	bcf	137,1,c	;volatile
   802                           
   803                           ;main.c: 13:     LATAbits.LATA2 = 0;
   804   0013F0  9489               	bcf	137,2,c	;volatile
   805                           
   806                           ;main.c: 14:     LATAbits.LATA3 = 0;
   807   0013F2  9689               	bcf	137,3,c	;volatile
   808   0013F4  0012               	return		;funcret
   809   0013F6                     __end_of_init_leds:
   810                           	callstack 0
   811                           
   812 ;; *************** function _config *****************
   813 ;; Defined at:
   814 ;;		line 14 in file "config.c"
   815 ;; Parameters:    Size  Location     Type
   816 ;;		None
   817 ;; Auto vars:     Size  Location     Type
   818 ;;		None
   819 ;; Return value:  Size  Location     Type
   820 ;;                  1    wreg      void 
   821 ;; Registers used:
   822 ;;		wreg, status,2
   823 ;; Tracked objects:
   824 ;;		On entry : 0/0
   825 ;;		On exit  : 0/0
   826 ;;		Unchanged: 0/0
   827 ;; Data sizes:     COMRAM   BANK0   BANK1   BANK2   BANK3   BANK4   BANK5   BANK6   BANK7
   828 ;;      Params:         0       0       0       0       0       0       0       0       0
   829 ;;      Locals:         0       0       0       0       0       0       0       0       0
   830 ;;      Temps:          0       0       0       0       0       0       0       0       0
   831 ;;      Totals:         0       0       0       0       0       0       0       0       0
   832 ;;Total ram usage:        0 bytes
   833 ;; Hardware stack levels used: 1
   834 ;; This function calls:
   835 ;;		Nothing
   836 ;; This function is called by:
   837 ;;		_main
   838 ;; This function uses a non-reentrant model
   839 ;;
   840                           
   841                           	psect	text4
   842   00139E                     __ptext4:
   843                           	callstack 0
   844   00139E                     _config:
   845                           	callstack 30
   846   00139E                     
   847                           ;config.c: 18:         OSCCON=0x70;
   848   00139E  0E70               	movlw	112
   849   0013A0  6ED3               	movwf	211,c	;volatile
   850                           
   851                           ;config.c: 20:   OSCCON2=0x10;
   852   0013A2  0E10               	movlw	16
   853   0013A4  6ED2               	movwf	210,c	;volatile
   854                           
   855                           ;config.c: 21:   OSCTUNE=0x80;
   856   0013A6  0E80               	movlw	128
   857   0013A8  6E9B               	movwf	155,c	;volatile
   858                           
   859                           ;config.c: 27:     TRISA=0x00;
   860   0013AA  0E00               	movlw	0
   861   0013AC  6E92               	movwf	146,c	;volatile
   862                           
   863                           ;config.c: 28:     TRISB=0x03;
   864   0013AE  0E03               	movlw	3
   865   0013B0  6E93               	movwf	147,c	;volatile
   866                           
   867                           ;config.c: 29:     TRISC=0xBC;
   868   0013B2  0EBC               	movlw	188
   869   0013B4  6E94               	movwf	148,c	;volatile
   870                           
   871                           ;config.c: 30:     TRISD=0x0F;
   872   0013B6  0E0F               	movlw	15
   873   0013B8  6E95               	movwf	149,c	;volatile
   874                           
   875                           ;config.c: 31:     TRISE=0x00;
   876   0013BA  0E00               	movlw	0
   877   0013BC  6E96               	movwf	150,c	;volatile
   878                           
   879                           ;config.c: 33:     ANSELA=0x00;
   880   0013BE  0E00               	movlw	0
   881   0013C0  010F               	movlb	15	; () banked
   882   0013C2  6F5B               	movwf	91,b	;volatile
   883                           
   884                           ;config.c: 34:     ANSELB=0x00;
   885   0013C4  0E00               	movlw	0
   886   0013C6  6F5C               	movwf	92,b	;volatile
   887                           
   888                           ;config.c: 35:     ANSELC=0x00;
   889   0013C8  0E00               	movlw	0
   890   0013CA  6F5D               	movwf	93,b	;volatile
   891                           
   892                           ;config.c: 36:     ANSELD=0x00;
   893   0013CC  0E00               	movlw	0
   894   0013CE  6F5E               	movwf	94,b	;volatile
   895                           
   896                           ;config.c: 37:     ANSELE=0x00;
   897   0013D0  0E00               	movlw	0
   898   0013D2  6F5F               	movwf	95,b	;volatile
   899   0013D4                     
   900                           ; BSR set to: 15
   901   0013D4  0012               	return		;funcret
   902   0013D6                     __end_of_config:
   903                           	callstack 0
   904                           
   905 ;; *************** function ___awmod *****************
   906 ;; Defined at:
   907 ;;		line 7 in file "C:\Program Files\Microchip\xc8\v2.46\pic\sources\c99\common\awmod.c"
   908 ;; Parameters:    Size  Location     Type
   909 ;;  dividend        2    0[COMRAM] int 
   910 ;;  divisor         2    2[COMRAM] int 
   911 ;; Auto vars:     Size  Location     Type
   912 ;;  sign            1    5[COMRAM] unsigned char 
   913 ;;  counter         1    4[COMRAM] unsigned char 
   914 ;; Return value:  Size  Location     Type
   915 ;;                  2    0[COMRAM] int 
   916 ;; Registers used:
   917 ;;		wreg, status,2, status,0
   918 ;; Tracked objects:
   919 ;;		On entry : 0/0
   920 ;;		On exit  : 0/0
   921 ;;		Unchanged: 0/0
   922 ;; Data sizes:     COMRAM   BANK0   BANK1   BANK2   BANK3   BANK4   BANK5   BANK6   BANK7
   923 ;;      Params:         4       0       0       0       0       0       0       0       0
   924 ;;      Locals:         2       0       0       0       0       0       0       0       0
   925 ;;      Temps:          0       0       0       0       0       0       0       0       0
   926 ;;      Totals:         6       0       0       0       0       0       0       0       0
   927 ;;Total ram usage:        6 bytes
   928 ;; Hardware stack levels used: 1
   929 ;; This function calls:
   930 ;;		Nothing
   931 ;; This function is called by:
   932 ;;		_main
   933 ;; This function uses a non-reentrant model
   934 ;;
   935                           
   936                           	psect	text5
   937   001274                     __ptext5:
   938                           	callstack 0
   939   001274                     ___awmod:
   940                           	callstack 30
   941   001274  0E00               	movlw	0
   942   001276  6E06               	movwf	___awmod@sign^0,c
   943   001278  BE02               	btfsc	(___awmod@dividend+1)^0,7,c
   944   00127A  EF43  F009         	goto	u320
   945   00127E  EF41  F009         	goto	u321
   946   001282                     u321:
   947   001282  EF49  F009         	goto	l966
   948   001286                     u320:
   949   001286  6C01               	negf	___awmod@dividend^0,c
   950   001288  1E02               	comf	(___awmod@dividend+1)^0,f,c
   951   00128A  B0D8               	btfsc	status,0,c
   952   00128C  2A02               	incf	(___awmod@dividend+1)^0,f,c
   953   00128E  0E01               	movlw	1
   954   001290  6E06               	movwf	___awmod@sign^0,c
   955   001292                     l966:
   956   001292  BE04               	btfsc	(___awmod@divisor+1)^0,7,c
   957   001294  EF50  F009         	goto	u330
   958   001298  EF4E  F009         	goto	u331
   959   00129C                     u331:
   960   00129C  EF54  F009         	goto	l970
   961   0012A0                     u330:
   962   0012A0  6C03               	negf	___awmod@divisor^0,c
   963   0012A2  1E04               	comf	(___awmod@divisor+1)^0,f,c
   964   0012A4  B0D8               	btfsc	status,0,c
   965   0012A6  2A04               	incf	(___awmod@divisor+1)^0,f,c
   966   0012A8                     l970:
   967   0012A8  5003               	movf	___awmod@divisor^0,w,c
   968   0012AA  1004               	iorwf	(___awmod@divisor+1)^0,w,c
   969   0012AC  B4D8               	btfsc	status,2,c
   970   0012AE  EF5B  F009         	goto	u341
   971   0012B2  EF5D  F009         	goto	u340
   972   0012B6                     u341:
   973   0012B6  EF81  F009         	goto	l986
   974   0012BA                     u340:
   975   0012BA  0E01               	movlw	1
   976   0012BC  6E05               	movwf	___awmod@counter^0,c
   977   0012BE  EF65  F009         	goto	l976
   978   0012C2                     l974:
   979   0012C2  90D8               	bcf	status,0,c
   980   0012C4  3603               	rlcf	___awmod@divisor^0,f,c
   981   0012C6  3604               	rlcf	(___awmod@divisor+1)^0,f,c
   982   0012C8  2A05               	incf	___awmod@counter^0,f,c
   983   0012CA                     l976:
   984   0012CA  AE04               	btfss	(___awmod@divisor+1)^0,7,c
   985   0012CC  EF6A  F009         	goto	u351
   986   0012D0  EF6C  F009         	goto	u350
   987   0012D4                     u351:
   988   0012D4  EF61  F009         	goto	l974
   989   0012D8                     u350:
   990   0012D8                     l978:
   991   0012D8  5003               	movf	___awmod@divisor^0,w,c
   992   0012DA  5C01               	subwf	___awmod@dividend^0,w,c
   993   0012DC  5004               	movf	(___awmod@divisor+1)^0,w,c
   994   0012DE  5802               	subwfb	(___awmod@dividend+1)^0,w,c
   995   0012E0  A0D8               	btfss	status,0,c
   996   0012E2  EF75  F009         	goto	u361
   997   0012E6  EF77  F009         	goto	u360
   998   0012EA                     u361:
   999   0012EA  EF7B  F009         	goto	l982
  1000   0012EE                     u360:
  1001   0012EE  5003               	movf	___awmod@divisor^0,w,c
  1002   0012F0  5E01               	subwf	___awmod@dividend^0,f,c
  1003   0012F2  5004               	movf	(___awmod@divisor+1)^0,w,c
  1004   0012F4  5A02               	subwfb	(___awmod@dividend+1)^0,f,c
  1005   0012F6                     l982:
  1006   0012F6  90D8               	bcf	status,0,c
  1007   0012F8  3204               	rrcf	(___awmod@divisor+1)^0,f,c
  1008   0012FA  3203               	rrcf	___awmod@divisor^0,f,c
  1009   0012FC  2E05               	decfsz	___awmod@counter^0,f,c
  1010   0012FE  EF6C  F009         	goto	l978
  1011   001302                     l986:
  1012   001302  5006               	movf	___awmod@sign^0,w,c
  1013   001304  B4D8               	btfsc	status,2,c
  1014   001306  EF87  F009         	goto	u371
  1015   00130A  EF89  F009         	goto	u370
  1016   00130E                     u371:
  1017   00130E  EF8D  F009         	goto	l990
  1018   001312                     u370:
  1019   001312  6C01               	negf	___awmod@dividend^0,c
  1020   001314  1E02               	comf	(___awmod@dividend+1)^0,f,c
  1021   001316  B0D8               	btfsc	status,0,c
  1022   001318  2A02               	incf	(___awmod@dividend+1)^0,f,c
  1023   00131A                     l990:
  1024   00131A  C001  F001         	movff	___awmod@dividend,?___awmod
  1025   00131E  C002  F002         	movff	___awmod@dividend+1,?___awmod+1
  1026   001322  0012               	return		;funcret
  1027   001324                     __end_of___awmod:
  1028                           	callstack 0
  1029                           
  1030                           	psect	smallconst
  1031   001008                     __psmallconst:
  1032                           	callstack 0
  1033   001008  00                 	db	0
  1034   001009  00                 	db	0	; dummy byte at the end
  1035   000000                     
  1036                           	psect	rparam
  1037   000000                     
  1038                           	psect	idloc
  1039                           
  1040                           ;Config register IDLOC0 @ 0x200000
  1041                           ;	unspecified, using default values
  1042   200000                     	org	2097152
  1043   200000  FF                 	db	255
  1044                           
  1045                           ;Config register IDLOC1 @ 0x200001
  1046                           ;	unspecified, using default values
  1047   200001                     	org	2097153
  1048   200001  FF                 	db	255
  1049                           
  1050                           ;Config register IDLOC2 @ 0x200002
  1051                           ;	unspecified, using default values
  1052   200002                     	org	2097154
  1053   200002  FF                 	db	255
  1054                           
  1055                           ;Config register IDLOC3 @ 0x200003
  1056                           ;	unspecified, using default values
  1057   200003                     	org	2097155
  1058   200003  FF                 	db	255
  1059                           
  1060                           ;Config register IDLOC4 @ 0x200004
  1061                           ;	unspecified, using default values
  1062   200004                     	org	2097156
  1063   200004  FF                 	db	255
  1064                           
  1065                           ;Config register IDLOC5 @ 0x200005
  1066                           ;	unspecified, using default values
  1067   200005                     	org	2097157
  1068   200005  FF                 	db	255
  1069                           
  1070                           ;Config register IDLOC6 @ 0x200006
  1071                           ;	unspecified, using default values
  1072   200006                     	org	2097158
  1073   200006  FF                 	db	255
  1074                           
  1075                           ;Config register IDLOC7 @ 0x200007
  1076                           ;	unspecified, using default values
  1077   200007                     	org	2097159
  1078   200007  FF                 	db	255
  1079                           
  1080                           	psect	config
  1081                           
  1082                           ;Config register CONFIG1L @ 0x300000
  1083                           ;	unspecified, using default values
  1084                           ;	PLL Selection
  1085                           ;	PLLSEL = 0x0, unprogrammed default
  1086                           ;	PLL Enable Configuration bit
  1087                           ;	CFGPLLEN = 0x0, unprogrammed default
  1088                           ;	CPU System Clock Postscaler
  1089                           ;	CPUDIV = 0x0, unprogrammed default
  1090                           ;	Low Speed USB mode with 48 MHz system clock
  1091                           ;	LS48MHZ = 0x0, unprogrammed default
  1092   300000                     	org	3145728
  1093   300000  00                 	db	0
  1094                           
  1095                           ;Config register CONFIG1H @ 0x300001
  1096                           ;	unspecified, using default values
  1097                           ;	Oscillator Selection
  1098                           ;	FOSC = 0x5, unprogrammed default
  1099                           ;	Primary Oscillator Shutdown
  1100                           ;	PCLKEN = 0x1, unprogrammed default
  1101                           ;	Fail-Safe Clock Monitor
  1102                           ;	FCMEN = 0x0, unprogrammed default
  1103                           ;	Internal/External Oscillator Switchover
  1104                           ;	IESO = 0x0, unprogrammed default
  1105   300001                     	org	3145729
  1106   300001  25                 	db	37
  1107                           
  1108                           ;Config register CONFIG2L @ 0x300002
  1109                           ;	unspecified, using default values
  1110                           ;	Power-up Timer Enable
  1111                           ;	nPWRTEN = 0x1, unprogrammed default
  1112                           ;	Brown-out Reset Enable
  1113                           ;	BOREN = 0x3, unprogrammed default
  1114                           ;	Brown-out Reset Voltage
  1115                           ;	BORV = 0x3, unprogrammed default
  1116                           ;	Low-Power Brown-out Reset
  1117                           ;	nLPBOR = 0x1, unprogrammed default
  1118   300002                     	org	3145730
  1119   300002  5F                 	db	95
  1120                           
  1121                           ;Config register CONFIG2H @ 0x300003
  1122                           ;	unspecified, using default values
  1123                           ;	Watchdog Timer Enable bits
  1124                           ;	WDTEN = 0x3, unprogrammed default
  1125                           ;	Watchdog Timer Postscaler
  1126                           ;	WDTPS = 0xF, unprogrammed default
  1127   300003                     	org	3145731
  1128   300003  3F                 	db	63
  1129                           
  1130                           ; Padding undefined space
  1131   300004                     	org	3145732
  1132   300004  FF                 	db	255
  1133                           
  1134                           ;Config register CONFIG3H @ 0x300005
  1135                           ;	unspecified, using default values
  1136                           ;	CCP2 MUX bit
  1137                           ;	CCP2MX = 0x1, unprogrammed default
  1138                           ;	PORTB A/D Enable bit
  1139                           ;	PBADEN = 0x1, unprogrammed default
  1140                           ;	Timer3 Clock Input MUX bit
  1141                           ;	T3CMX = 0x1, unprogrammed default
  1142                           ;	SDO Output MUX bit
  1143                           ;	SDOMX = 0x1, unprogrammed default
  1144                           ;	Master Clear Reset Pin Enable
  1145                           ;	MCLRE = 0x1, unprogrammed default
  1146   300005                     	org	3145733
  1147   300005  D3                 	db	211
  1148                           
  1149                           ;Config register CONFIG4L @ 0x300006
  1150                           ;	unspecified, using default values
  1151                           ;	Stack Full/Underflow Reset
  1152                           ;	STVREN = 0x1, unprogrammed default
  1153                           ;	Single-Supply ICSP Enable bit
  1154                           ;	LVP = 0x1, unprogrammed default
  1155                           ;	Dedicated In-Circuit Debug/Programming Port Enable
  1156                           ;	ICPRT = 0x0, unprogrammed default
  1157                           ;	Extended Instruction Set Enable bit
  1158                           ;	XINST = 0x0, unprogrammed default
  1159                           ;	Background Debugger Enable bit
  1160                           ;	DEBUG = 0x1, unprogrammed default
  1161   300006                     	org	3145734
  1162   300006  85                 	db	133
  1163                           
  1164                           ; Padding undefined space
  1165   300007                     	org	3145735
  1166   300007  FF                 	db	255
  1167                           
  1168                           ;Config register CONFIG5L @ 0x300008
  1169                           ;	unspecified, using default values
  1170                           ;	Block 0 Code Protect
  1171                           ;	CP0 = 0x1, unprogrammed default
  1172                           ;	Block 1 Code Protect
  1173                           ;	CP1 = 0x1, unprogrammed default
  1174                           ;	Block 2 Code Protect
  1175                           ;	CP2 = 0x1, unprogrammed default
  1176                           ;	Block 3 Code Protect
  1177                           ;	CP3 = 0x1, unprogrammed default
  1178   300008                     	org	3145736
  1179   300008  0F                 	db	15
  1180                           
  1181                           ;Config register CONFIG5H @ 0x300009
  1182                           ;	unspecified, using default values
  1183                           ;	Boot Block Code Protect
  1184                           ;	CPB = 0x1, unprogrammed default
  1185                           ;	Data EEPROM Code Protect
  1186                           ;	CPD = 0x1, unprogrammed default
  1187   300009                     	org	3145737
  1188   300009  C0                 	db	192
  1189                           
  1190                           ;Config register CONFIG6L @ 0x30000A
  1191                           ;	unspecified, using default values
  1192                           ;	Block 0 Write Protect
  1193                           ;	WRT0 = 0x1, unprogrammed default
  1194                           ;	Block 1 Write Protect
  1195                           ;	WRT1 = 0x1, unprogrammed default
  1196                           ;	Block 2 Write Protect
  1197                           ;	WRT2 = 0x1, unprogrammed default
  1198                           ;	Block 3 Write Protect
  1199                           ;	WRT3 = 0x1, unprogrammed default
  1200   30000A                     	org	3145738
  1201   30000A  0F                 	db	15
  1202                           
  1203                           ;Config register CONFIG6H @ 0x30000B
  1204                           ;	unspecified, using default values
  1205                           ;	Configuration Registers Write Protect
  1206                           ;	WRTC = 0x1, unprogrammed default
  1207                           ;	Boot Block Write Protect
  1208                           ;	WRTB = 0x1, unprogrammed default
  1209                           ;	Data EEPROM Write Protect
  1210                           ;	WRTD = 0x1, unprogrammed default
  1211   30000B                     	org	3145739
  1212   30000B  E0                 	db	224
  1213                           
  1214                           ;Config register CONFIG7L @ 0x30000C
  1215                           ;	unspecified, using default values
  1216                           ;	Block 0 Table Read Protect
  1217                           ;	EBTR0 = 0x1, unprogrammed default
  1218                           ;	Block 1 Table Read Protect
  1219                           ;	EBTR1 = 0x1, unprogrammed default
  1220                           ;	Block 2 Table Read Protect
  1221                           ;	EBTR2 = 0x1, unprogrammed default
  1222                           ;	Block 3 Table Read Protect
  1223                           ;	EBTR3 = 0x1, unprogrammed default
  1224   30000C                     	org	3145740
  1225   30000C  0F                 	db	15
  1226                           
  1227                           ;Config register CONFIG7H @ 0x30000D
  1228                           ;	unspecified, using default values
  1229                           ;	Boot Block Table Read Protect
  1230                           ;	EBTRB = 0x1, unprogrammed default
  1231   30000D                     	org	3145741
  1232   30000D  40                 	db	64
  1233                           tosu	equ	0xFFF
  1234                           tosh	equ	0xFFE
  1235                           tosl	equ	0xFFD
  1236                           stkptr	equ	0xFFC
  1237                           pclatu	equ	0xFFB
  1238                           pclath	equ	0xFFA
  1239                           pcl	equ	0xFF9
  1240                           tblptru	equ	0xFF8
  1241                           tblptrh	equ	0xFF7
  1242                           tblptrl	equ	0xFF6
  1243                           tablat	equ	0xFF5
  1244                           prodh	equ	0xFF4
  1245                           prodl	equ	0xFF3
  1246                           indf0	equ	0xFEF
  1247                           postinc0	equ	0xFEE
  1248                           postdec0	equ	0xFED
  1249                           preinc0	equ	0xFEC
  1250                           plusw0	equ	0xFEB
  1251                           fsr0h	equ	0xFEA
  1252                           fsr0l	equ	0xFE9
  1253                           wreg	equ	0xFE8
  1254                           indf1	equ	0xFE7
  1255                           postinc1	equ	0xFE6
  1256                           postdec1	equ	0xFE5
  1257                           preinc1	equ	0xFE4
  1258                           plusw1	equ	0xFE3
  1259                           fsr1h	equ	0xFE2
  1260                           fsr1l	equ	0xFE1
  1261                           bsr	equ	0xFE0
  1262                           indf2	equ	0xFDF
  1263                           postinc2	equ	0xFDE
  1264                           postdec2	equ	0xFDD
  1265                           preinc2	equ	0xFDC
  1266                           plusw2	equ	0xFDB
  1267                           fsr2h	equ	0xFDA
  1268                           fsr2l	equ	0xFD9
  1269                           status	equ	0xFD8

Data Sizes:
    Strings     0
    Constant    0
    Data        0
    BSS         8
    Persistent  0
    Stack       0

Auto Spaces:
    Space          Size  Autos    Used
    COMRAM           95      9      17
    BANK0           160      0       0
    BANK1           256      0       0
    BANK2           256      0       0
    BANK3           256      0       0
    BANK4           256      0       0
    BANK5           256      0       0
    BANK6           256      0       0
    BANK7           256      0       0

Pointer List with Targets:

    None.

Critical Paths under _main in COMRAM

    _main->___awmod
    _main->_intermitencia
    _intermitencia->_set_led

Critical Paths under _main in BANK0

    None.

Critical Paths under _main in BANK1

    None.

Critical Paths under _main in BANK2

    None.

Critical Paths under _main in BANK3

    None.

Critical Paths under _main in BANK4

    None.

Critical Paths under _main in BANK5

    None.

Critical Paths under _main in BANK6

    None.

Critical Paths under _main in BANK7

    None.

Call Graph Tables:

 ---------------------------------------------------------------------------------
 (Depth) Function   	        Calls       Base Space   Used Autos Params    Refs
 ---------------------------------------------------------------------------------
 (0) _main                                                 3     3      0    5578
                                              6 COMRAM     3     3      0
                            ___awmod
                             _config
                          _init_leds
                      _intermitencia
                            _set_led
 ---------------------------------------------------------------------------------
 (1) _intermitencia                                        1     1      0    2542
                                              5 COMRAM     1     1      0
                            _set_led
 ---------------------------------------------------------------------------------
 (1) _set_led                                              5     2      3    2542
                                              0 COMRAM     5     2      3
 ---------------------------------------------------------------------------------
 (1) _init_leds                                            0     0      0       0
 ---------------------------------------------------------------------------------
 (1) _config                                               0     0      0       0
 ---------------------------------------------------------------------------------
 (1) ___awmod                                              6     2      4     448
                                              0 COMRAM     6     2      4
 ---------------------------------------------------------------------------------
 Estimated maximum stack depth 1
 ---------------------------------------------------------------------------------

 Call Graph Graphs:

 _main (ROOT)
   ___awmod
   _config
   _init_leds
   _intermitencia
     _set_led
   _set_led

 Address spaces:
Name               Size   Autos  Total    Cost      Usage
BIGRAM             7FF      0       0      28        0.0%
EEDATA             100      0       0       0        0.0%
BITBANK7           100      0       0      18        0.0%
BANK7              100      0       0      19        0.0%
BITBANK6           100      0       0      16        0.0%
BANK6              100      0       0      17        0.0%
BITBANK5           100      0       0      14        0.0%
BANK5              100      0       0      15        0.0%
BITBANK4           100      0       0      12        0.0%
BANK4              100      0       0      13        0.0%
BITBANK3           100      0       0      10        0.0%
BANK3              100      0       0      11        0.0%
BITBANK2           100      0       0       8        0.0%
BANK2              100      0       0       9        0.0%
BITBANK1           100      0       0       6        0.0%
BANK1              100      0       0       7        0.0%
BITBANK0            A0      0       0       4        0.0%
BANK0               A0      0       0       5        0.0%
BITCOMRAM           5F      0       0       0        0.0%
COMRAM              5F      9      11       1       17.9%
BITBIGSFRhlh        36      0       0      21        0.0%
BITBIGSFRhh         2C      0       0      20        0.0%
BITBIGSFRllh        21      0       0      25        0.0%
BITBIGSFRhlll        8      0       0      23        0.0%
BITBIGSFRlll         8      0       0      26        0.0%
BITBIGSFRlh          7      0       0      24        0.0%
BITBIGSFRhllh        4      0       0      22        0.0%
BIGSFR               0      0       0     200        0.0%
BITSFR_1             0      0       0     200        0.0%
SFR_1                0      0       0     200        0.0%
BITSFR               0      0       0     200        0.0%
SFR                  0      0       0     200        0.0%
STACK                0      0       0       2        0.0%
NULL                 0      0       0       0        0.0%
ABS                  0      0      11      27        0.0%
DATA                 0      0      11       3        0.0%
CODE                 0      0       0       0        0.0%


Microchip Technology PIC18 Macro Assembler V2.46 build 20240104201356 
Symbol Table                                                                                   Sun May 19 19:07:23 2024

                     l20 1344                       l13 13F4                       l21 1352  
                     l22 139C                       l17 1328                       l41 116A  
                     l19 1336                       l49 122A                       l84 13D4  
                    l331 1322                      l822 139E                      l902 1360  
                    l910 101E                      l920 106E                      l912 102E  
                    l770 13EC                      l930 10BE                      l922 107E  
                    l914 1042                      l940 110E                      l932 10CE  
                    l924 1092                      l916 1052                      l908 100A  
                    l950 114E                      l942 111E                      l934 10E2  
                    l926 10A2                      l918 105A                      l960 1278  
                    l952 1152                      l944 1132                      l936 10F2  
                    l928 10AA                      l970 12A8                      l962 1286  
                    l954 1156                      l946 1142                      l938 10FA  
                    l980 12EE                      l972 12BA                      l964 128E  
                    l956 115A                      l948 114A                      l990 131A  
                    l982 12F6                      l974 12C2                      l966 1292  
                    l958 1274                      l984 12FC                      l976 12CA  
                    l968 12A0                      l978 12D8                      l986 1302  
                    l898 1324                      l994 116C                      l988 1312  
                    l996 1170                      l998 117C                      u300 110E  
                    u205 1330                      u301 110A                      u206 1332  
                    u310 1132                      u215 133E                      u311 112E  
                    u320 1286                      u216 1340                      u240 101E  
                    u321 1282                      u225 134C                      u241 101A  
                    u330 12A0                      u226 134E                      u250 1042  
                    u331 129C                      u235 135A                      u251 103E  
                    u340 12BA                      u236 135C                      u260 106E  
                    u341 12B6                      u261 106A                      u350 12D8  
                    u270 1092                      u351 12D4                      u407 1160  
                    u271 108E                      u360 12EE                      u280 10BE  
                    u361 12EA                      u281 10BA                      u370 1312  
                    u290 10E2                      u371 130E                      u291 10DE  
                    u380 1238                      u381 1234                      u397 125E  
           ___awmod@sign 0006                      wreg 0FE8                     l1000 1184  
                   l1010 1254                     l1002 11C8                     l1006 120C  
                   l1032 1376                     l1008 1238                     _main 116C  
                   start 1000             ___param_bank 0000                    ?_main 0001  
        __end_of___awmod 1324                    _TRISA 0F92                    _TRISB 0F93  
                  _TRISC 0F94                    _TRISD 0F95                    _TRISE 0F96  
 intermitencia@cont_led1 0010   intermitencia@cont_led2 000E   intermitencia@cont_led3 000C  
 intermitencia@cont_led4 000A                    _firma 1006          __end_of_set_led 139E  
                  status 0FD8          __initialization 13D6             __end_of_main 1274  
                 ??_main 0007            __activetblptr 0002                   _ANSELA 0F5B  
                 _ANSELB 0F5C                   _ANSELC 0F5D                   _ANSELD 0F5E  
                 _ANSELE 0F5F                   _OSCCON 0FD3                ??___awmod 0005  
                 _config 139E                   clear_0 13DC          ___awmod@divisor 0003  
                 isa$std 0001          ___awmod@counter 0005             __mediumconst 0000  
              ??_set_led 0004                   tblptru 0FF8               __accesstop 0060  
__end_of__initialization 13E2            ___rparam_used 0001           __pcstackCOMRAM 0001  
          __end_of_firma 1008                  ?_config 0001                  _OSCCON2 0FD2  
                _OSCTUNE 0F9B                  __Hparam 0000                  __Lparam 0000  
                ___awmod 1274             __psmallconst 1008                  __pcinit 13D6  
                __ramtop 0800                  __ptext0 116C                  __ptext1 100A  
                __ptext2 1324                  __ptext3 13EC                  __ptext4 139E  
                __ptext5 1274        __end_of_init_leds 13F6         ___awmod@dividend 0001  
                _set_led 1324     end_of_initialization 13E2            __Lmediumconst 0000  
          _intermitencia 100A            __p_firma_text 1006                  postinc0 0FEE  
              _PORTBbits 0F81           ?_intermitencia 0001           __end_of_config 13D6  
    start_initialization 13D6                 ??_config 0001              __pbssCOMRAM 000A  
        ??_intermitencia 0006                 ?___awmod 0001              __smallconst 1008  
               ?_set_led 0001                _init_leds 13EC               set_led@led 0001  
               _LATAbits 0F89                main@state 0009               ?_init_leds 0001  
               __Hrparam 0000                 __Lrparam 0000             set_led@state 0003  
               isa$xinst 0000              ??_init_leds 0001    __end_of_intermitencia 116C  
          _firma_absaddr 1006  
